<?xml version="1.0" encoding="UTF-8"?>
<!-- Generated by org.testng.reporters.JUnitReportReporter -->
<testsuite hostname="LCE47138" failures="0" tests="1" name="uk.co.automationtesting.OrderCompleteTest" time="14.206" errors="0" timestamp="2023-08-04T13:52:34 CEST" skipped="0">
  <testcase classname="uk.co.automationtesting.OrderCompleteTest" name="endToEndTest" time="14.206"/>
  <system-out/>
</testsuite> <!-- uk.co.automationtesting.OrderCompleteTest -->
