<?xml version="1.0" encoding="UTF-8"?>
<!-- Generated by org.testng.reporters.JUnitReportReporter -->
<testsuite hostname="LCE47138" failures="0" tests="1" name="co.uk.automationtesting.mavenproject1.OrderCompleteTest" time="11.099" errors="0" timestamp="2023-08-03T09:06:43 CEST" skipped="0">
  <testcase classname="co.uk.automationtesting.mavenproject1.OrderCompleteTest" name="endToEndTest" time="11.099"/>
  <system-out/>
</testsuite> <!-- co.uk.automationtesting.mavenproject1.OrderCompleteTest -->
