<?xml version="1.0" encoding="UTF-8"?>
<!-- Generated by org.testng.reporters.JUnitReportReporter -->
<testsuite hostname="LCE47138" failures="0" tests="1" name="uk.co.automationtesting.mavenproject.L07_Surefire" time="0.050" errors="0" timestamp="2023-08-02T14:52:55 CEST" skipped="0">
  <testcase classname="uk.co.automationtesting.mavenproject.L07_Surefire" name="testng" time="0.050"/>
  <system-out/>
</testsuite> <!-- uk.co.automationtesting.mavenproject.L07_Surefire -->
