<?xml version="1.0" encoding="UTF-8"?>
<!-- Generated by org.testng.reporters.JUnitReportReporter -->
<testsuite hostname="LCE47138" failures="0" tests="2" name="Section11.L04b_TestngXml2" time="0.040" errors="0" timestamp="2023-08-01T14:57:58 CEST" skipped="0">
  <testcase classname="Section11.L04b_TestngXml2" name="method7" time="0.035"/>
  <system-out/>
  <testcase classname="Section11.L04b_TestngXml2" name="method9" time="0.005"/>
  <system-out/>
</testsuite> <!-- Section11.L04b_TestngXml2 -->
