<?xml version="1.0" encoding="UTF-8"?>
<!-- Generated by org.testng.reporters.JUnitReportReporter -->
<testsuite hostname="LCE47138" failures="0" tests="1" name="Section11.L08_Annotation_Pt1" time="3.556" errors="0" timestamp="2023-08-01T15:08:09 CEST" skipped="0">
  <testcase classname="Section11.L08_Annotation_Pt1" name="test" time="3.556"/>
  <system-out/>
</testsuite> <!-- Section11.L08_Annotation_Pt1 -->
