<?xml version="1.0" encoding="UTF-8"?>
<!-- Generated by org.testng.reporters.JUnitReportReporter -->
<testsuite hostname="LCE47138" failures="0" tests="1" name="Section12.L02_Login" time="4.988" errors="0" timestamp="2023-08-02T12:37:05 CEST" skipped="0">
  <testcase classname="Section12.L02_Login" name="signin" time="4.988"/>
  <system-out/>
</testsuite> <!-- Section12.L02_Login -->
