<?xml version="1.0" encoding="UTF-8"?>
<!-- Generated by org.testng.reporters.JUnitReportReporter -->
<testsuite hostname="LCE47138" failures="0" tests="1" name="Section11.L11_Parameters" time="17.471" errors="0" timestamp="2023-08-01T15:26:47 CEST" skipped="0">
  <testcase classname="Section11.L11_Parameters" name="signin" time="17.471"/>
  <system-out/>
</testsuite> <!-- Section11.L11_Parameters -->
