<?xml version="1.0" encoding="UTF-8"?>
<!-- Generated by org.testng.reporters.JUnitReportReporter -->
<testsuite hostname="LCE47138" failures="0" tests="2" name="Section11.L03a_TestngXml" time="0.004" errors="0" timestamp="2023-08-01T14:54:04 CEST" skipped="0">
  <testcase classname="Section11.L03a_TestngXml" name="method1" time="0.002"/>
  <system-out/>
  <testcase classname="Section11.L03a_TestngXml" name="method2" time="0.002"/>
  <system-out/>
</testsuite> <!-- Section11.L03a_TestngXml -->
