<?xml version="1.0" encoding="UTF-8"?>
<!-- Generated by org.testng.reporters.JUnitReportReporter -->
<testsuite hostname="LCE47138" failures="0" tests="2" name="Section11.L02_TestngInstall" time="0.010" errors="0" timestamp="2023-08-01T14:54:04 CEST" skipped="0">
  <testcase classname="Section11.L02_TestngInstall" name="helloWorld" time="0.008"/>
  <system-out/>
  <testcase classname="Section11.L02_TestngInstall" name="helloWorld2" time="0.002"/>
  <system-out/>
</testsuite> <!-- Section11.L02_TestngInstall -->
