<?xml version="1.0" encoding="UTF-8"?>
<!-- Generated by org.testng.reporters.JUnitReportReporter -->
<testsuite hostname="LCE47138" failures="0" tests="3" name="Section11.L13_dependsOnMethods" time="10.609" errors="0" timestamp="2023-08-01T15:48:27 CEST" skipped="0">
  <testcase classname="Section11.L13_dependsOnMethods" name="enterPassword" time="3.126"/>
  <system-out/>
  <testcase classname="Section11.L13_dependsOnMethods" name="clickBtn" time="4.281"/>
  <system-out/>
  <testcase classname="Section11.L13_dependsOnMethods" name="enterEmail" time="3.202"/>
  <system-out/>
</testsuite> <!-- Section11.L13_dependsOnMethods -->
