<?xml version="1.0" encoding="UTF-8"?>
<!-- Generated by org.testng.reporters.JUnitReportReporter -->
<testsuite hostname="LCE47138" failures="0" tests="1" name="Section12.L04_Login" time="9.119" errors="0" timestamp="2023-08-03T09:47:06 CEST" skipped="0">
  <testcase classname="Section12.L04_Login" name="signin" time="9.119"/>
  <system-out/>
</testsuite> <!-- Section12.L04_Login -->
