<?xml version="1.0" encoding="UTF-8"?>
<!-- Generated by org.testng.reporters.JUnitReportReporter -->
<testsuite hostname="LCE47138" failures="0" tests="2" name="Section11.L14_Enabled" time="3.415" errors="0" timestamp="2023-08-01T15:50:33 CEST" skipped="1">
  <testcase classname="Section11.L14_Enabled" name="enterPassword" time="3.415"/>
  <system-out/>
  <testcase classname="Section11.L14_Enabled" name="enterEmail">
    <skipped/>
  </testcase> <!-- enterEmail -->
  <system-out/>
</testsuite> <!-- Section11.L14_Enabled -->
