<?xml version="1.0" encoding="UTF-8"?>
<!-- Generated by org.testng.reporters.JUnitReportReporter -->
<testsuite hostname="LCE47138" failures="0" tests="1" name="Section11.L09_Annotation_Pt2" time="10.151" errors="0" timestamp="2023-08-01T15:14:53 CEST" skipped="0">
  <testcase classname="Section11.L09_Annotation_Pt2" name="test" time="10.151"/>
  <system-out/>
</testsuite> <!-- Section11.L09_Annotation_Pt2 -->
