<?xml version="1.0" encoding="UTF-8"?>
<!-- Generated by org.testng.reporters.JUnitReportReporter -->
<testsuite hostname="LCE47138" failures="0" tests="1" name="Section11.L06_Homepage" time="0.020" errors="0" timestamp="2023-08-01T15:02:01 CEST" skipped="0">
  <testcase classname="Section11.L06_Homepage" name="Mobile_login" time="0.020"/>
  <system-out/>
</testsuite> <!-- Section11.L06_Homepage -->
