<?xml version="1.0" encoding="UTF-8"?>
<!-- Generated by org.testng.reporters.JUnitReportReporter -->
<testsuite hostname="LCE47138" failures="0" tests="3" name="Section11.L10b_TestngXml2" time="0.045" errors="0" timestamp="2023-08-01T15:20:05 CEST" skipped="0">
  <testcase classname="Section11.L10b_TestngXml2" name="method3" time="0.002"/>
  <system-out/>
  <testcase classname="Section11.L10b_TestngXml2" name="method5" time="0.010"/>
  <system-out/>
  <testcase classname="Section11.L10b_TestngXml2" name="method4" time="0.033"/>
  <system-out/>
</testsuite> <!-- Section11.L10b_TestngXml2 -->
