<?xml version="1.0" encoding="UTF-8"?>
<!-- Generated by org.testng.reporters.JUnitReportReporter -->
<testsuite hostname="LCE47138" failures="0" tests="2" name="Section11.L04a_TestngXml" time="0.005" errors="0" timestamp="2023-08-01T14:54:04 CEST" skipped="0">
  <testcase classname="Section11.L04a_TestngXml" name="method5" time="0.003"/>
  <system-out/>
  <testcase classname="Section11.L04a_TestngXml" name="method6" time="0.002"/>
  <system-out/>
</testsuite> <!-- Section11.L04a_TestngXml -->
